{"name": "test_delete", "status": "failed", "statusDetails": {"message": "AssertionError: assert 0 == 1\n  +0\n  -1", "trace": "self = <test_delete_contact.test_case.test_delete.TestDelete object at 0x0000016A1273C8B0>\n\n    def test_delete(self):\n        pages = self.app.goto_main().goto_addresslist().goto_searchpage()\n        reslut1 = pages.search_member(\"测试03\")\n        reslut2 = pages.goto_memberinfo().goto_datapage().goto_deletecontact().result()\n>       assert len(reslut1) - len(reslut2) ==1\nE       assert 0 == 1\nE         +0\nE         -1\n\ntest_delete.py:12: AssertionError"}, "attachments": [{"source": "317989c2-3e49-4e88-8088-238dce5a34a5-attachment.png", "type": "image/png"}, {"name": "log", "source": "ff482c22-2156-4397-b1c5-511cfeeee89a-attachment.txt", "type": "text/plain"}], "start": 1617629863035, "stop": 1617629891571, "uuid": "7a9a0116-0a82-46b3-84ff-76e08155c1b6", "historyId": "07bd2e4e85febbdd630dcbd62592bf5a", "testCaseId": "ba25f0bbff26cc79176a11a462d8b033", "fullName": "test_case.test_delete.TestDelete#test_delete", "labels": [{"name": "parentSuite", "value": "test_case"}, {"name": "suite", "value": "test_delete"}, {"name": "subSuite", "value": "TestDelete"}, {"name": "host", "value": "DESKTOP-2I60K4O"}, {"name": "thread", "value": "9020-MainThread"}, {"name": "framework", "value": "pytest"}, {"name": "language", "value": "cpython3"}, {"name": "package", "value": "test_case.test_delete"}]}